<?xml version="1.0" encoding="UTF-8" ?>
<testsuite tests="1" failures="0" name="id.com.askrindo.kepegawaian.AppTest" time="0.003" errors="0" skipped="0">
  <properties>
    <property name="java.runtime.name" value="Java(TM) SE Runtime Environment"/>
    <property name="sun.boot.library.path" value="C:\Program Files (x86)\Java\jdk1.8.0_45\jre\bin"/>
    <property name="java.vm.version" value="25.45-b02"/>
    <property name="user.country.format" value="ID"/>
    <property name="java.vm.vendor" value="Oracle Corporation"/>
    <property name="maven.multiModuleProjectDirectory" value="D:\LATIHANJAVA\aplikasi.kepegawaian"/>
    <property name="java.vendor.url" value="http://java.oracle.com/"/>
    <property name="path.separator" value=";"/>
    <property name="guice.disable.misplaced.annotation.check" value="true"/>
    <property name="java.vm.name" value="Java HotSpot(TM) Client VM"/>
    <property name="file.encoding.pkg" value="sun.io"/>
    <property name="user.script" value=""/>
    <property name="user.country" value="US"/>
    <property name="sun.java.launcher" value="SUN_STANDARD"/>
    <property name="sun.os.patch.level" value="Service Pack 1"/>
    <property name="java.vm.specification.name" value="Java Virtual Machine Specification"/>
    <property name="user.dir" value="D:\LATIHANJAVA\aplikasi.kepegawaian"/>
    <property name="java.runtime.version" value="1.8.0_45-b14"/>
    <property name="java.awt.graphicsenv" value="sun.awt.Win32GraphicsEnvironment"/>
    <property name="java.endorsed.dirs" value="C:\Program Files (x86)\Java\jdk1.8.0_45\jre\lib\endorsed"/>
    <property name="os.arch" value="x86"/>
    <property name="java.io.tmpdir" value="C:\Users\DELL\AppData\Local\Temp\"/>
    <property name="line.separator" value="
"/>
    <property name="java.vm.specification.vendor" value="Oracle Corporation"/>
    <property name="user.variant" value=""/>
    <property name="os.name" value="Windows 7"/>
    <property name="classworlds.conf" value="D:\BELAJAR JAVA\apache-maven-3.3.3\bin\m2.conf"/>
    <property name="sun.jnu.encoding" value="Cp1252"/>
    <property name="java.library.path" value="C:\Program Files (x86)\Java\jdk1.8.0_45\bin;C:\Windows\Sun\Java\bin;C:\Windows\system32;C:\Windows;C:\ProgramData\Oracle\Java\javapath;C:\oraclexe\app\oracle\product\11.2.0\server\bin;C:\Program Files (x86)\Common Files\Intel\Shared Files\cpp\bin\Intel64;C:\Sybase\ASE-15_0\jobscheduler\bin;C:\Sybase\ASE-15_0\dll;C:\Sybase\ASE-15_0\bin;C:\Sybase\DBISQL\bin;C:\Sybase\DataAccess64\ADONET\dll;C:\Sybase\DataAccess\ADONET\dll;C:\Sybase\DataAccess64\ODBC\dll;C:\Sybase\DataAccess\ODBC\dll;C:\Sybase\UAF-2_5\bin;C:\Sybase\OCS-15_0\lib3p64;C:\Sybase\OCS-15_0\lib3p;C:\Sybase\OCS-15_0\dll;C:\Sybase\OCS-15_0\bin;C:\Sybase\ASE-15_0\jobscheduler\bin;C:\Sybase\ASE-15_0\dll;C:\Sybase\ASE-15_0\bin;C:\Sybase\DBISQL\bin;C:\Sybase\DataAccess64\ADONET\dll;C:\Sybase\DataAccess\ADONET\dll;C:\Sybase\DataAccess64\ODBC\dll;C:\Sybase\DataAccess\ODBC\dll;C:\Sybase\UAF-2_5\bin;C:\Sybase\OCS-15_0\lib3p64;C:\Sybase\OCS-15_0\lib3p;C:\Sybase\OCS-15_0\dll;C:\Sybase\OCS-15_0\bin;C:\Program Files (x86)\NVIDIA Corporation\PhysX\Common;C:\Windows\system32;C:\Windows;C:\Windows\System32\Wbem;C:\Windows\System32\WindowsPowerShell\v1.0\;C:\Program Files (x86)\Common Files\Ulead Systems\MPEG;C:\Program Files\SQL Anywhere 12\bin64;C:\Program Files\SQL Anywhere 12\bin32;C:\Program Files (x86)\Sybase\Shared\PowerBuilder;C:\Windows\Microsoft.NET\Framework\v4.0.30319;C:\Program Files (x86)\SQL Anywhere 11\bin64;C:\Program Files (x86)\SQL Anywhere 11\bin32;C:\Program Files (x86)\Sybase\PowerBuilder 12.0;C:\Windows\Microsoft.NET\Framework\v3.5;C:\Windows\Microsoft.NET\Framework\v2.0.50727;C:\Windows\Microsoft.NET\Framework\v3.5;C:\Windows\Microsoft.NET\Framework\v2.0.50727;C:\Program Files (x86)\Intel\OpenCL SDK\3.0\bin\x86;C:\Program Files (x86)\Intel\OpenCL SDK\3.0\bin\x64;C:\Program Files (x86)\Microsoft SQL Server\110\Tools\Binn\;C:\Program Files\Microsoft SQL Server\110\Tools\Binn\;C:\Program Files\Microsoft SQL Server\110\DTS\Binn\;C:\Program Files (x86)\Git\cmd;D:\BELAJAR JAVA\apache-maven-3.3.3\bin;C:\Program Files (x86)\Java\jdk1.8.0_45\bin;C:\Program Files (x86)\CrSSL\bin;."/>
    <property name="java.specification.name" value="Java Platform API Specification"/>
    <property name="java.class.version" value="52.0"/>
    <property name="sun.management.compiler" value="HotSpot Client Compiler"/>
    <property name="os.version" value="6.1"/>
    <property name="user.home" value="C:\Users\DELL"/>
    <property name="user.timezone" value="Asia/Bangkok"/>
    <property name="java.awt.printerjob" value="sun.awt.windows.WPrinterJob"/>
    <property name="java.specification.version" value="1.8"/>
    <property name="file.encoding" value="Cp1252"/>
    <property name="user.name" value="DELL"/>
    <property name="java.class.path" value="D:\BELAJAR JAVA\apache-maven-3.3.3\boot\plexus-classworlds-2.5.2.jar"/>
    <property name="java.vm.specification.version" value="1.8"/>
    <property name="sun.arch.data.model" value="32"/>
    <property name="java.home" value="C:\Program Files (x86)\Java\jdk1.8.0_45\jre"/>
    <property name="sun.java.command" value="org.codehaus.plexus.classworlds.launcher.Launcher package"/>
    <property name="java.specification.vendor" value="Oracle Corporation"/>
    <property name="user.language" value="en"/>
    <property name="user.language.format" value="id"/>
    <property name="awt.toolkit" value="sun.awt.windows.WToolkit"/>
    <property name="java.vm.info" value="mixed mode, sharing"/>
    <property name="java.version" value="1.8.0_45"/>
    <property name="java.ext.dirs" value="C:\Program Files (x86)\Java\jdk1.8.0_45\jre\lib\ext;C:\Windows\Sun\Java\lib\ext"/>
    <property name="sun.boot.class.path" value="C:\Program Files (x86)\Java\jdk1.8.0_45\jre\lib\resources.jar;C:\Program Files (x86)\Java\jdk1.8.0_45\jre\lib\rt.jar;C:\Program Files (x86)\Java\jdk1.8.0_45\jre\lib\sunrsasign.jar;C:\Program Files (x86)\Java\jdk1.8.0_45\jre\lib\jsse.jar;C:\Program Files (x86)\Java\jdk1.8.0_45\jre\lib\jce.jar;C:\Program Files (x86)\Java\jdk1.8.0_45\jre\lib\charsets.jar;C:\Program Files (x86)\Java\jdk1.8.0_45\jre\lib\jfr.jar;C:\Program Files (x86)\Java\jdk1.8.0_45\jre\classes"/>
    <property name="sun.stderr.encoding" value="cp850"/>
    <property name="java.vendor" value="Oracle Corporation"/>
    <property name="maven.home" value="D:\BELAJAR JAVA\apache-maven-3.3.3"/>
    <property name="file.separator" value="\"/>
    <property name="java.vendor.url.bug" value="http://bugreport.sun.com/bugreport/"/>
    <property name="sun.cpu.endian" value="little"/>
    <property name="sun.io.unicode.encoding" value="UnicodeLittle"/>
    <property name="sun.stdout.encoding" value="cp850"/>
    <property name="sun.desktop" value="windows"/>
    <property name="sun.cpu.isalist" value="pentium_pro+mmx pentium_pro pentium+mmx pentium i486 i386 i86"/>
  </properties>
  <testcase classname="id.com.askrindo.kepegawaian.AppTest" name="testApp" time="0.003"/>
</testsuite>